
> vite-react-typescript-starter@0.0.0 dev
> vite --host

Re-optimizing dependencies because vite config has changed

  VITE v5.4.8  ready in 717 ms

  ➜  Local:   http://localhost:5173/
  ➜  Network: http://172.31.4.106:5173/

> vite-react-typescript-starter@0.0.0 dev
> vite --host


  VITE v5.4.8  ready in 568 ms

  ➜  Local:   http://localhost:5173/
  ➜  Network: http://172.31.4.106:5173/

> vite-react-typescript-starter@0.0.0 dev
> vite --host


  VITE v5.4.8  ready in 341 ms

  ➜  Local:   http://localhost:5173/
  ➜  Network: http://172.31.4.106:5173/

> vite-react-typescript-starter@0.0.0 dev
> vite --host


  VITE v5.4.8  ready in 461 ms

  ➜  Local:   http://localhost:5173/
  ➜  Network: http://172.31.4.106:5173/

> vite-react-typescript-starter@0.0.0 dev
> vite --host


  VITE v5.4.8  ready in 368 ms

  ➜  Local:   http://localhost:5173/
  ➜  Network: http://172.31.4.106:5173/

> vite-react-typescript-starter@0.0.0 dev
> vite --host


  VITE v5.4.8  ready in 479 ms

  ➜  Local:   http://localhost:5173/
  ➜  Network: http://172.31.4.106:5173/

> vite-react-typescript-starter@0.0.0 dev
> vite --host


  VITE v5.4.8  ready in 466 ms

  ➜  Local:   http://localhost:5173/
  ➜  Network: http://172.31.4.106:5173/

> vite-react-typescript-starter@0.0.0 dev
> vite --host


  VITE v5.4.8  ready in 318 ms

  ➜  Local:   http://localhost:5173/
  ➜  Network: http://172.31.4.106:5173/
